0 info it worked if it ends with ok
1 verbose cli [ 'node',
1 verbose cli   '/usr/local/bin/npm',
1 verbose cli   'install',
1 verbose cli   'ember-cli-cool-datepicker',
1 verbose cli   '--save-dev' ]
2 info using npm@1.4.28
3 info using node@v0.10.33
4 verbose config Skipping project config: /Users/jeffbrunson/.npmrc. (matches userconfig)
5 verbose cache add [ 'ember-cli-cool-datepicker', null ]
6 verbose cache add name=undefined spec="ember-cli-cool-datepicker" args=["ember-cli-cool-datepicker",null]
7 verbose parsed url { protocol: null,
7 verbose parsed url   slashes: null,
7 verbose parsed url   auth: null,
7 verbose parsed url   host: null,
7 verbose parsed url   port: null,
7 verbose parsed url   hostname: null,
7 verbose parsed url   hash: null,
7 verbose parsed url   search: null,
7 verbose parsed url   query: null,
7 verbose parsed url   pathname: 'ember-cli-cool-datepicker',
7 verbose parsed url   path: 'ember-cli-cool-datepicker',
7 verbose parsed url   href: 'ember-cli-cool-datepicker' }
8 silly lockFile e5053ef8-ember-cli-cool-datepicker ember-cli-cool-datepicker
9 verbose lock ember-cli-cool-datepicker /Users/jeffbrunson/.npm/e5053ef8-ember-cli-cool-datepicker.lock
10 silly lockFile e5053ef8-ember-cli-cool-datepicker ember-cli-cool-datepicker
11 silly lockFile e5053ef8-ember-cli-cool-datepicker ember-cli-cool-datepicker
12 verbose addNamed [ 'ember-cli-cool-datepicker', '' ]
13 verbose addNamed [ null, '*' ]
14 silly lockFile 59d1b92a-ember-cli-cool-datepicker ember-cli-cool-datepicker@
15 verbose lock ember-cli-cool-datepicker@ /Users/jeffbrunson/.npm/59d1b92a-ember-cli-cool-datepicker.lock
16 silly addNameRange { name: 'ember-cli-cool-datepicker', range: '*', hasData: false }
17 verbose request where is /ember-cli-cool-datepicker
18 verbose request registry https://registry.npmjs.org/
19 verbose request id 24e3b38b81be1a6f
20 verbose url raw /ember-cli-cool-datepicker
21 verbose url resolving [ 'https://registry.npmjs.org/', './ember-cli-cool-datepicker' ]
22 verbose url resolved https://registry.npmjs.org/ember-cli-cool-datepicker
23 verbose request where is https://registry.npmjs.org/ember-cli-cool-datepicker
24 info trying registry request attempt 1 at 12:35:22
25 http GET https://registry.npmjs.org/ember-cli-cool-datepicker
26 http 404 https://registry.npmjs.org/ember-cli-cool-datepicker
27 verbose headers { date: 'Wed, 03 Dec 2014 19:35:20 GMT',
27 verbose headers   server: 'CouchDB/1.5.0 (Erlang OTP/R16B03)',
27 verbose headers   'content-type': 'application/json',
27 verbose headers   'cache-control': 'max-age=0',
27 verbose headers   'content-length': '52',
27 verbose headers   'accept-ranges': 'bytes',
27 verbose headers   via: '1.1 varnish',
27 verbose headers   age: '0',
27 verbose headers   'x-served-by': 'cache-atl6231-ATL',
27 verbose headers   'x-cache': 'MISS',
27 verbose headers   'x-cache-hits': '0',
27 verbose headers   'x-timer': 'S1417635320.538535,VS0,VE25',
27 verbose headers   'keep-alive': 'timeout=10, max=50',
27 verbose headers   connection: 'Keep-Alive' }
28 silly registry.get cb [ 404,
28 silly registry.get   { date: 'Wed, 03 Dec 2014 19:35:20 GMT',
28 silly registry.get     server: 'CouchDB/1.5.0 (Erlang OTP/R16B03)',
28 silly registry.get     'content-type': 'application/json',
28 silly registry.get     'cache-control': 'max-age=0',
28 silly registry.get     'content-length': '52',
28 silly registry.get     'accept-ranges': 'bytes',
28 silly registry.get     via: '1.1 varnish',
28 silly registry.get     age: '0',
28 silly registry.get     'x-served-by': 'cache-atl6231-ATL',
28 silly registry.get     'x-cache': 'MISS',
28 silly registry.get     'x-cache-hits': '0',
28 silly registry.get     'x-timer': 'S1417635320.538535,VS0,VE25',
28 silly registry.get     'keep-alive': 'timeout=10, max=50',
28 silly registry.get     connection: 'Keep-Alive' } ]
29 silly lockFile 59d1b92a-ember-cli-cool-datepicker ember-cli-cool-datepicker@
30 silly lockFile 59d1b92a-ember-cli-cool-datepicker ember-cli-cool-datepicker@
31 error 404 404 Not Found: ember-cli-cool-datepicker
31 error 404
31 error 404 'ember-cli-cool-datepicker' is not in the npm registry.
31 error 404 You should bug the author to publish it
31 error 404
31 error 404 Note that you can also install from a
31 error 404 tarball, folder, or http url, or git url.
32 error System Darwin 14.0.0
33 error command "node" "/usr/local/bin/npm" "install" "ember-cli-cool-datepicker" "--save-dev"
34 error cwd /Users/jeffbrunson/Documents/code/unite
35 error node -v v0.10.33
36 error npm -v 1.4.28
37 error code E404
38 verbose exit [ 1, true ]
